<?xml version="1.0" encoding="UTF-8"?>
<!-- Generated by org.testng.reporters.JUnitXMLReporter -->
<testsuite hostname="PCT150" ignored="0" name="Default test" tests="5" failures="0" timestamp="11 Jan 2018 09:55:03 GMT" time="114.072" errors="0">
  <testcase name="test_URL_Launch_Appear_Correct" time="16.854" classname="Test.TestLogin"/>
  <testcase name="test_Search" time="38.58" classname="Test.TestLogin"/>
  <testcase name="test_AddPerson" time="27.069" classname="Test.TestLogin"/>
  <testcase name="verify_Addperson" time="13.435" classname="Test.TestLogin"/>
  <testcase name="verify_Defendant" time="9.595" classname="Test.TestLogin"/>
</testsuite> <!-- Default test -->
