<?xml version="1.0" encoding="UTF-8"?>
<!-- Generated by org.testng.reporters.JUnitXMLReporter -->
<testsuite hostname="PCT150" ignored="2" name="Test" tests="3" failures="2" timestamp="26 Dec 2017 09:51:36 GMT" time="145.256" errors="0">
  <testcase name="test_URL_Launch__Appear_Correct" time="73.112" classname="Test.TestLogin"/>
  <testcase name="test_Search" time="19.69" classname="Test.Demo">
    <failure type="java.lang.NullPointerException">
      <![CDATA[java.lang.NullPointerExceptionat Pages.Search.searchparameter(Search.java:29)at Test.Demo.test_Search(Demo.java:18)... Removed 25 stack frames]]>
    </failure>
  </testcase> <!-- test_Search -->
  <testcase name="test_URL_Launch__Appear_Correct" time="8.518" classname="Test.TestLogin">
    <failure type="java.lang.NullPointerException">
      <![CDATA[java.lang.NullPointerExceptionat Pages.Login.gettitle(Login.java:29)at Test.TestLogin.test_URL_Launch__Appear_Correct(TestLogin.java:48)... Removed 25 stack frames]]>
    </failure>
  </testcase> <!-- test_URL_Launch__Appear_Correct -->
  <testcase name="@BeforeTest setup" time="0.0" classname="Test.TestLogin">
    <ignored/>
  </testcase> <!-- @BeforeTest setup -->
  <testcase name="@AfterTest teardown" time="0.0" classname="Test.TestLogin">
    <ignored/>
  </testcase> <!-- @AfterTest teardown -->
</testsuite> <!-- Test -->
